[     179ms] [INFO] %cDownload the React DevTools for a better development experience: https://react.dev/link/react-devtools font-weight:bold @ http://localhost:3000/_next/static/chunks/0nw1_next_dist_12hg0-_._.js:2431
[     211ms] [ERROR] Manifest: Line: 1, column: 1, Syntax error. @ http://localhost:3000/manifest.json:0
[     219ms] [LOG] [HMR] connected @ http://localhost:3000/_next/static/chunks/0nw1_next_dist_12hg0-_._.js:2431
[     305ms] [ERROR] Manifest: Line: 1, column: 1, Syntax error. @ http://localhost:3000/manifest.json:0
[    3307ms] [WARNING] The resource http://localhost:3000/_next/static/chunks/%5Broot-of-the-server%5D__0c49lz7._.css was preloaded using link preload but not used within a few seconds from the window's load event. Please make sure it has an appropriate `as` value and it is preloaded intentionally. @ http://localhost:3000/login:0
[   10499ms] [LOG] [Fast Refresh] rebuilding @ http://localhost:3000/_next/static/chunks/0nw1_next_dist_12hg0-_._.js:2431
[   10500ms] [LOG] [Fast Refresh] done in 102ms @ http://localhost:3000/_next/static/chunks/0nw1_next_dist_12hg0-_._.js:2431
[   14039ms] [WARNING] The resource http://localhost:3000/_next/static/chunks/%5Broot-of-the-server%5D__0c49lz7._.css was preloaded using link preload but not used within a few seconds from the window's load event. Please make sure it has an appropriate `as` value and it is preloaded intentionally. @ http://localhost:3000/login:0
[   54218ms] [ERROR] Manifest: Line: 1, column: 1, Syntax error. @ http://localhost:3000/manifest.json:0
[   54233ms] [INFO] %cDownload the React DevTools for a better development experience: https://react.dev/link/react-devtools font-weight:bold @ http://localhost:3000/_next/static/chunks/0nw1_next_dist_12hg0-_._.js:2431
[   54243ms] [LOG] [HMR] connected @ http://localhost:3000/_next/static/chunks/0nw1_next_dist_12hg0-_._.js:2431
[   54311ms] [ERROR] Manifest: Line: 1, column: 1, Syntax error. @ http://localhost:3000/manifest.json:0
[   57312ms] [WARNING] The resource http://localhost:3000/_next/static/chunks/%5Broot-of-the-server%5D__0c49lz7._.css was preloaded using link preload but not used within a few seconds from the window's load event. Please make sure it has an appropriate `as` value and it is preloaded intentionally. @ http://localhost:3000/login:0
[   66288ms] [WARNING] The resource http://localhost:3000/_next/static/chunks/%5Broot-of-the-server%5D__0c49lz7._.css was preloaded using link preload but not used within a few seconds from the window's load event. Please make sure it has an appropriate `as` value and it is preloaded intentionally. @ http://localhost:3000/login:0
[  780874ms] [LOG] [Fast Refresh] rebuilding @ http://localhost:3000/_next/static/chunks/0nw1_next_dist_12hg0-_._.js:2431
[  780898ms] [LOG] [Fast Refresh] done in 29ms @ http://localhost:3000/_next/static/chunks/0nw1_next_dist_12hg0-_._.js:2431
[  809558ms] [LOG] [Fast Refresh] rebuilding @ http://localhost:3000/_next/static/chunks/0nw1_next_dist_12hg0-_._.js:2431
[  809635ms] [LOG] [Fast Refresh] done in 27ms @ http://localhost:3000/_next/static/chunks/0nw1_next_dist_12hg0-_._.js:2431
[  809658ms] [ERROR] Manifest: Line: 1, column: 1, Syntax error. @ http://localhost:3000/manifest.json:0
[  812658ms] [WARNING] The resource http://localhost:3000/_next/static/chunks/%5Broot-of-the-server%5D__0c49lz7._.css was preloaded using link preload but not used within a few seconds from the window's load event. Please make sure it has an appropriate `as` value and it is preloaded intentionally. @ http://localhost:3000/login:0
