[     122ms] [INFO] %cDownload the React DevTools for a better development experience: https://react.dev/link/react-devtools font-weight:bold @ http://localhost:3000/_next/static/chunks/0nw1_next_dist_12hg0-_._.js:2431
[     132ms] [LOG] [HMR] connected @ http://localhost:3000/_next/static/chunks/0nw1_next_dist_12hg0-_._.js:2431
[     177ms] [ERROR] Manifest: Line: 1, column: 1, Syntax error. @ http://localhost:3000/manifest.json:0
[    3178ms] [WARNING] The resource http://localhost:3000/_next/static/chunks/%5Broot-of-the-server%5D__0c49lz7._.css was preloaded using link preload but not used within a few seconds from the window's load event. Please make sure it has an appropriate `as` value and it is preloaded intentionally. @ http://localhost:3000/login:0
[    5511ms] [LOG] [Fast Refresh] rebuilding @ http://localhost:3000/_next/static/chunks/0nw1_next_dist_12hg0-_._.js:2431
[    5847ms] [LOG] [Fast Refresh] done in 437ms @ http://localhost:3000/_next/static/chunks/0nw1_next_dist_12hg0-_._.js:2431
[    6404ms] [INFO] %cDownload the React DevTools for a better development experience: https://react.dev/link/react-devtools font-weight:bold @ http://localhost:3000/_next/static/chunks/0nw1_next_dist_12hg0-_._.js:2431
[    6413ms] [LOG] [HMR] connected @ http://localhost:3000/_next/static/chunks/0nw1_next_dist_12hg0-_._.js:2431
[    6415ms] [WARNING] %c%s%c background: #e6e6e6;background: light-dark(rgba(0,0,0,0.1), rgba(255,255,255,0.25));color: #000000;color: light-dark(#000000, #ffffff);border-radius: 2px  Server   Error: Route "/my-diary" used `searchParams.date`. `searchParams` is a Promise and must be unwrapped with `await` or `React.use()` before accessing its properties. Learn more: https://nextjs.org/docs/messages/sync-dynamic-apis
    at ClientDiaryPage (about://React/Server/file:///Users/karl/K9Tracker/.next/dev/server/chunks/ssr/%5Broot-of-the-server%5D__04j7t-7._.js?4:107:39)
    at resolveErrorDev (http://localhost:3000/_next/static/chunks/0nw1_next_dist_compiled_react-server-dom-turbopack_03qj3yg._.js:1919:105)
    at getOutlinedModel (http://localhost:3000/_next/static/chunks/0nw1_next_dist_compiled_react-server-dom-turbopack_03qj3yg._.js:1469:28)
    at parseModelString (http://localhost:3000/_next/static/chunks/0nw1_next_dist_compiled_react-server-dom-turbopack_03qj3yg._.js:1584:50)
    at reviveModel (http://localhost:3000/_next/static/chunks/0nw1_next_dist_compiled_react-server-dom-turbopack_03qj3yg._.js:2522:66)
    at parseModel (http://localhost:3000/_next/static/chunks/0nw1_next_dist_compiled_react-server-dom-turbopack_03qj3yg._.js:2517:16)
    at initializeModelChunk (http://localhost:3000/_next/static/chunks/0nw1_next_dist_compiled_react-server-dom-turbopack_03qj3yg._.js:1084:25)
    at getOutlinedModel (http://localhost:3000/_next/static/chunks/0nw1_next_dist_compiled_react-server-dom-turbopack_03qj3yg._.js:1407:17)
    at parseModelString (http://localhost:3000/_next/static/chunks/0nw1_next_dist_compiled_react-server-dom-turbopack_03qj3yg._.js:1639:50)
    at reviveModel (http://localhost:3000/_next/static/chunks/0nw1_next_dist_compiled_react-server-dom-turbopack_03qj3yg._.js:2522:66)
    at reviveModel (http://localhost:3000/_next/static/chunks/0nw1_next_dist_compiled_react-server-dom-turbopack_03qj3yg._.js:2525:61)
    at parseModel (http://localhost:3000/_next/static/chunks/0nw1_next_dist_compiled_react-server-dom-turbopack_03qj3yg._.js:2517:16)
    at initializeModelChunk (http://localhost:3000/_next/static/chunks/0nw1_next_dist_compiled_react-server-dom-turbopack_03qj3yg._.js:1084:25)
    at resolveConsoleEntry (http://localhost:3000/_next/static/chunks/0nw1_next_dist_compiled_react-server-dom-turbopack_03qj3yg._.js:2047:96)
    at processFullStringRow (http://localhost:3000/_next/static/chunks/0nw1_next_dist_compiled_react-server-dom-turbopack_03qj3yg._.js:2453:17)
    at processFullBinaryRow (http://localhost:3000/_next/static/chunks/0nw1_next_dist_compiled_react-server-dom-turbopack_03qj3yg._.js:2393:9)
    at processBinaryChunk (http://localhost:3000/_next/static/chunks/0nw1_next_dist_compiled_react-server-dom-turbopack_03qj3yg._.js:2502:221)
    at progress (http://localhost:3000/_next/static/chunks/0nw1_next_dist_compiled_react-server-dom-turbopack_03qj3yg._.js:2676:20) @ http://localhost:3000/_next/static/chunks/0nw1_next_dist_12hg0-_._.js:2431
[    6452ms] [ERROR] Manifest: Line: 1, column: 1, Syntax error. @ http://localhost:3000/manifest.json:0
[    9454ms] [WARNING] The resource http://localhost:3000/_next/static/chunks/%5Broot-of-the-server%5D__0c49lz7._.css was preloaded using link preload but not used within a few seconds from the window's load event. Please make sure it has an appropriate `as` value and it is preloaded intentionally. @ http://localhost:3000/my-diary:0
[   14519ms] [LOG] [Fast Refresh] rebuilding @ http://localhost:3000/_next/static/chunks/0nw1_next_dist_12hg0-_._.js:2431
[   14653ms] [LOG] [Fast Refresh] done in 235ms @ http://localhost:3000/_next/static/chunks/0nw1_next_dist_12hg0-_._.js:2431
[   15863ms] [ERROR] Failed to load resource: the server responded with a status of 500 (Internal Server Error) @ http://localhost:3000/api/tasks/cmnwdz210000cqla2chppfoip/complete:0
[   16805ms] [WARNING] %c%s%c background: #e6e6e6;background: light-dark(rgba(0,0,0,0.1), rgba(255,255,255,0.25));color: #000000;color: light-dark(#000000, #ffffff);border-radius: 2px  Server   Error: Route "/my-diary" used `searchParams.date`. `searchParams` is a Promise and must be unwrapped with `await` or `React.use()` before accessing its properties. Learn more: https://nextjs.org/docs/messages/sync-dynamic-apis
    at ClientDiaryPage (about://React/Server/file:///Users/karl/K9Tracker/.next/dev/server/chunks/ssr/%5Broot-of-the-server%5D__04j7t-7._.js?4:107:39)
    at resolveErrorDev (http://localhost:3000/_next/static/chunks/0nw1_next_dist_compiled_react-server-dom-turbopack_03qj3yg._.js:1919:105)
    at getOutlinedModel (http://localhost:3000/_next/static/chunks/0nw1_next_dist_compiled_react-server-dom-turbopack_03qj3yg._.js:1469:28)
    at parseModelString (http://localhost:3000/_next/static/chunks/0nw1_next_dist_compiled_react-server-dom-turbopack_03qj3yg._.js:1584:50)
    at reviveModel (http://localhost:3000/_next/static/chunks/0nw1_next_dist_compiled_react-server-dom-turbopack_03qj3yg._.js:2522:66)
    at parseModel (http://localhost:3000/_next/static/chunks/0nw1_next_dist_compiled_react-server-dom-turbopack_03qj3yg._.js:2517:16)
    at initializeModelChunk (http://localhost:3000/_next/static/chunks/0nw1_next_dist_compiled_react-server-dom-turbopack_03qj3yg._.js:1084:25)
    at getOutlinedModel (http://localhost:3000/_next/static/chunks/0nw1_next_dist_compiled_react-server-dom-turbopack_03qj3yg._.js:1407:17)
    at parseModelString (http://localhost:3000/_next/static/chunks/0nw1_next_dist_compiled_react-server-dom-turbopack_03qj3yg._.js:1639:50)
    at reviveModel (http://localhost:3000/_next/static/chunks/0nw1_next_dist_compiled_react-server-dom-turbopack_03qj3yg._.js:2522:66)
    at reviveModel (http://localhost:3000/_next/static/chunks/0nw1_next_dist_compiled_react-server-dom-turbopack_03qj3yg._.js:2525:61)
    at parseModel (http://localhost:3000/_next/static/chunks/0nw1_next_dist_compiled_react-server-dom-turbopack_03qj3yg._.js:2517:16)
    at initializeModelChunk (http://localhost:3000/_next/static/chunks/0nw1_next_dist_compiled_react-server-dom-turbopack_03qj3yg._.js:1084:25)
    at resolveConsoleEntry (http://localhost:3000/_next/static/chunks/0nw1_next_dist_compiled_react-server-dom-turbopack_03qj3yg._.js:2047:96)
    at processFullStringRow (http://localhost:3000/_next/static/chunks/0nw1_next_dist_compiled_react-server-dom-turbopack_03qj3yg._.js:2453:17)
    at processFullBinaryRow (http://localhost:3000/_next/static/chunks/0nw1_next_dist_compiled_react-server-dom-turbopack_03qj3yg._.js:2393:9)
    at processBinaryChunk (http://localhost:3000/_next/static/chunks/0nw1_next_dist_compiled_react-server-dom-turbopack_03qj3yg._.js:2502:221)
    at progress (http://localhost:3000/_next/static/chunks/0nw1_next_dist_compiled_react-server-dom-turbopack_03qj3yg._.js:2676:20) @ http://localhost:3000/_next/static/chunks/0nw1_next_dist_12hg0-_._.js:2431
[   16882ms] [ERROR] Manifest: Line: 1, column: 1, Syntax error. @ http://localhost:3000/manifest.json:0
[   19883ms] [WARNING] The resource http://localhost:3000/_next/static/chunks/%5Broot-of-the-server%5D__0c49lz7._.css was preloaded using link preload but not used within a few seconds from the window's load event. Please make sure it has an appropriate `as` value and it is preloaded intentionally. @ http://localhost:3000/my-diary:0
[   47075ms] [LOG] [Fast Refresh] rebuilding @ http://localhost:3000/_next/static/chunks/0nw1_next_dist_12hg0-_._.js:2431
[   47115ms] [LOG] [Fast Refresh] done in 22ms @ http://localhost:3000/_next/static/chunks/0nw1_next_dist_12hg0-_._.js:2431
[   47666ms] [ERROR] Manifest: Line: 1, column: 1, Syntax error. @ http://localhost:3000/manifest.json:0
[   50668ms] [WARNING] The resource http://localhost:3000/_next/static/chunks/%5Broot-of-the-server%5D__0c49lz7._.css was preloaded using link preload but not used within a few seconds from the window's load event. Please make sure it has an appropriate `as` value and it is preloaded intentionally. @ http://localhost:3000/my-diary:0
