[     700ms] [INFO] %cDownload the React DevTools for a better development experience: https://react.dev/link/react-devtools font-weight:bold @ http://localhost:3000/_next/static/chunks/0nw1_next_dist_12hg0-_._.js:2431
[     713ms] [LOG] [HMR] connected @ http://localhost:3000/_next/static/chunks/0nw1_next_dist_12hg0-_._.js:2431
[     767ms] [ERROR] Manifest: Line: 1, column: 1, Syntax error. @ http://localhost:3000/manifest.json:0
[    3768ms] [WARNING] The resource http://localhost:3000/_next/static/chunks/%5Broot-of-the-server%5D__0c49lz7._.css was preloaded using link preload but not used within a few seconds from the window's load event. Please make sure it has an appropriate `as` value and it is preloaded intentionally. @ http://localhost:3000/settings:0
[    6680ms] [INFO] %cDownload the React DevTools for a better development experience: https://react.dev/link/react-devtools font-weight:bold @ http://localhost:3000/_next/static/chunks/0nw1_next_dist_12hg0-_._.js:2431
[    6689ms] [LOG] [HMR] connected @ http://localhost:3000/_next/static/chunks/0nw1_next_dist_12hg0-_._.js:2431
[    6733ms] [ERROR] Manifest: Line: 1, column: 1, Syntax error. @ http://localhost:3000/manifest.json:0
[    9735ms] [WARNING] The resource http://localhost:3000/_next/static/chunks/%5Broot-of-the-server%5D__0c49lz7._.css was preloaded using link preload but not used within a few seconds from the window's load event. Please make sure it has an appropriate `as` value and it is preloaded intentionally. @ http://localhost:3000/login:0
[   16316ms] [INFO] %cDownload the React DevTools for a better development experience: https://react.dev/link/react-devtools font-weight:bold @ http://localhost:3000/_next/static/chunks/0nw1_next_dist_12hg0-_._.js:2431
[   16326ms] [LOG] [HMR] connected @ http://localhost:3000/_next/static/chunks/0nw1_next_dist_12hg0-_._.js:2431
[   16359ms] [ERROR] Manifest: Line: 1, column: 1, Syntax error. @ http://localhost:3000/manifest.json:0
[   19361ms] [WARNING] The resource http://localhost:3000/_next/static/chunks/%5Broot-of-the-server%5D__0c49lz7._.css was preloaded using link preload but not used within a few seconds from the window's load event. Please make sure it has an appropriate `as` value and it is preloaded intentionally. @ http://localhost:3000/admin:0
[  559902ms] [LOG] [Fast Refresh] rebuilding @ http://localhost:3000/_next/static/chunks/0nw1_next_dist_12hg0-_._.js:2431
[  560348ms] [LOG] [Fast Refresh] done in 547ms @ http://localhost:3000/_next/static/chunks/0nw1_next_dist_12hg0-_._.js:2431
[  563206ms] [WARNING] The resource http://localhost:3000/_next/static/chunks/%5Broot-of-the-server%5D__0c49lz7._.css was preloaded using link preload but not used within a few seconds from the window's load event. Please make sure it has an appropriate `as` value and it is preloaded intentionally. @ http://localhost:3000/admin:0
[ 1584471ms] [WARNING] Detected `scroll-behavior: smooth` on the `<html>` element. To disable smooth scrolling during route transitions, add `data-scroll-behavior="smooth"` to your <html> element. Learn more: https://nextjs.org/docs/messages/missing-data-scroll-behavior @ http://localhost:3000/_next/static/chunks/0nw1_next_dist_12hg0-_._.js:2431
[ 1584515ms] [ERROR] Manifest: Line: 1, column: 1, Syntax error. @ http://localhost:3000/manifest.json:0
[ 1587517ms] [WARNING] The resource http://localhost:3000/_next/static/chunks/%5Broot-of-the-server%5D__0c49lz7._.css was preloaded using link preload but not used within a few seconds from the window's load event. Please make sure it has an appropriate `as` value and it is preloaded intentionally. @ http://localhost:3000/login:0
[ 1614861ms] [LOG] [Fast Refresh] rebuilding @ http://localhost:3000/_next/static/chunks/0nw1_next_dist_12hg0-_._.js:2431
[ 1614915ms] [LOG] [Fast Refresh] done in 128ms @ http://localhost:3000/_next/static/chunks/0nw1_next_dist_12hg0-_._.js:2431
[ 1622885ms] [INFO] %cDownload the React DevTools for a better development experience: https://react.dev/link/react-devtools font-weight:bold @ http://localhost:3000/_next/static/chunks/0nw1_next_dist_12hg0-_._.js:2431
[ 1622894ms] [LOG] [HMR] connected @ http://localhost:3000/_next/static/chunks/0nw1_next_dist_12hg0-_._.js:2431
[ 1622926ms] [ERROR] Manifest: Line: 1, column: 1, Syntax error. @ http://localhost:3000/manifest.json:0
[ 1625927ms] [WARNING] The resource http://localhost:3000/_next/static/chunks/%5Broot-of-the-server%5D__0c49lz7._.css was preloaded using link preload but not used within a few seconds from the window's load event. Please make sure it has an appropriate `as` value and it is preloaded intentionally. @ http://localhost:3000/login:0
[ 1655274ms] [WARNING] Detected `scroll-behavior: smooth` on the `<html>` element. To disable smooth scrolling during route transitions, add `data-scroll-behavior="smooth"` to your <html> element. Learn more: https://nextjs.org/docs/messages/missing-data-scroll-behavior @ http://localhost:3000/_next/static/chunks/0nw1_next_dist_12hg0-_._.js:2431
[ 1655318ms] [ERROR] Manifest: Line: 1, column: 1, Syntax error. @ http://localhost:3000/manifest.json:0
[ 1657043ms] [ERROR] Manifest: Line: 1, column: 1, Syntax error. @ http://localhost:3000/manifest.json:0
[ 1660044ms] [WARNING] The resource http://localhost:3000/_next/static/chunks/%5Broot-of-the-server%5D__0c49lz7._.css was preloaded using link preload but not used within a few seconds from the window's load event. Please make sure it has an appropriate `as` value and it is preloaded intentionally. @ http://localhost:3000/login:0
[ 3396688ms] [LOG] [Fast Refresh] rebuilding @ http://localhost:3000/_next/static/chunks/0nw1_next_dist_12hg0-_._.js:2431
[ 3396703ms] [LOG] [Fast Refresh] done in 98ms @ http://localhost:3000/_next/static/chunks/0nw1_next_dist_12hg0-_._.js:2431
[ 3397204ms] [ERROR] Manifest: Line: 1, column: 1, Syntax error. @ http://localhost:3000/manifest.json:0
[ 3400206ms] [WARNING] The resource http://localhost:3000/_next/static/chunks/%5Broot-of-the-server%5D__0c49lz7._.css was preloaded using link preload but not used within a few seconds from the window's load event. Please make sure it has an appropriate `as` value and it is preloaded intentionally. @ http://localhost:3000/login:0
