[      96ms] [ERROR] Manifest: Line: 1, column: 1, Syntax error. @ http://localhost:3000/manifest.json:0
[     122ms] [INFO] %cDownload the React DevTools for a better development experience: https://react.dev/link/react-devtools font-weight:bold @ http://localhost:3000/_next/static/chunks/0nw1_next_dist_12hg0-_._.js:2431
[     138ms] [LOG] [HMR] connected @ http://localhost:3000/_next/static/chunks/0nw1_next_dist_12hg0-_._.js:2431
[     166ms] [ERROR] Manifest: Line: 1, column: 1, Syntax error. @ http://localhost:3000/manifest.json:0
[    3168ms] [WARNING] The resource http://localhost:3000/_next/static/chunks/%5Broot-of-the-server%5D__0c49lz7._.css was preloaded using link preload but not used within a few seconds from the window's load event. Please make sure it has an appropriate `as` value and it is preloaded intentionally. @ http://localhost:3000/login:0
[    7016ms] [LOG] [Fast Refresh] rebuilding @ http://localhost:3000/_next/static/chunks/0nw1_next_dist_12hg0-_._.js:2431
[    7518ms] [LOG] [Fast Refresh] done in 603ms @ http://localhost:3000/_next/static/chunks/0nw1_next_dist_12hg0-_._.js:2431
[    8688ms] [ERROR] Failed to load resource: the server responded with a status of 500 (Internal Server Error) @ http://localhost:3000/dashboard:0
[    8711ms] [INFO] %cDownload the React DevTools for a better development experience: https://react.dev/link/react-devtools font-weight:bold @ http://localhost:3000/_next/static/chunks/0nw1_next_dist_12hg0-_._.js:2431
[    8719ms] [LOG] [HMR] connected @ http://localhost:3000/_next/static/chunks/0nw1_next_dist_12hg0-_._.js:2431
[    8721ms] [ERROR] %c%s%c Only plain objects can be passed to Client Components from Server Components. Classes or other objects with methods are not supported.%s background: #e6e6e6;background: light-dark(rgba(0,0,0,0.1), rgba(255,255,255,0.25));color: #000000;color: light-dark(#000000, #ffffff);border-radius: 2px  Server   
  {href: ..., label: ..., icon: {$$typeof: ..., render: ...}}
                                ^^^^^^^^^^^^^^^^^^^^^^^^^^^^ @ http://localhost:3000/_next/static/chunks/0nw1_next_dist_12hg0-_._.js:3272
[    8721ms] [ERROR] %c%s%c Only plain objects can be passed to Client Components from Server Components. Classes or other objects with methods are not supported.%s background: #e6e6e6;background: light-dark(rgba(0,0,0,0.1), rgba(255,255,255,0.25));color: #000000;color: light-dark(#000000, #ffffff);border-radius: 2px  Server   
  {href: ..., label: "Clients", icon: {$$typeof: ..., render: ...}}
                                      ^^^^^^^^^^^^^^^^^^^^^^^^^^^^ @ http://localhost:3000/_next/static/chunks/0nw1_next_dist_12hg0-_._.js:3272
[    8721ms] [ERROR] %c%s%c Only plain objects can be passed to Client Components from Server Components. Classes or other objects with methods are not supported.%s background: #e6e6e6;background: light-dark(rgba(0,0,0,0.1), rgba(255,255,255,0.25));color: #000000;color: light-dark(#000000, #ffffff);border-radius: 2px  Server   
  {href: "/diary", label: ..., icon: {$$typeof: ..., render: ...}}
                                     ^^^^^^^^^^^^^^^^^^^^^^^^^^^^ @ http://localhost:3000/_next/static/chunks/0nw1_next_dist_12hg0-_._.js:3272
[    8721ms] [ERROR] %c%s%c Only plain objects can be passed to Client Components from Server Components. Classes or other objects with methods are not supported.%s background: #e6e6e6;background: light-dark(rgba(0,0,0,0.1), rgba(255,255,255,0.25));color: #000000;color: light-dark(#000000, #ffffff);border-radius: 2px  Server   
  {href: ..., label: ..., icon: {$$typeof: ..., render: ...}}
                                ^^^^^^^^^^^^^^^^^^^^^^^^^^^^ @ http://localhost:3000/_next/static/chunks/0nw1_next_dist_12hg0-_._.js:3272
[    8721ms] [ERROR] %c%s%c Only plain objects can be passed to Client Components from Server Components. Classes or other objects with methods are not supported.%s background: #e6e6e6;background: light-dark(rgba(0,0,0,0.1), rgba(255,255,255,0.25));color: #000000;color: light-dark(#000000, #ffffff);border-radius: 2px  Server   
  {href: ..., label: ..., icon: {$$typeof: ..., render: ...}}
                                ^^^^^^^^^^^^^^^^^^^^^^^^^^^^ @ http://localhost:3000/_next/static/chunks/0nw1_next_dist_12hg0-_._.js:3272
[    8721ms] [ERROR] %c%s%c Only plain objects can be passed to Client Components from Server Components. Classes or other objects with methods are not supported.%s background: #e6e6e6;background: light-dark(rgba(0,0,0,0.1), rgba(255,255,255,0.25));color: #000000;color: light-dark(#000000, #ffffff);border-radius: 2px  Server   
  {href: ..., label: ..., icon: {$$typeof: ..., render: ...}}
                                ^^^^^^^^^^^^^^^^^^^^^^^^^^^^ @ http://localhost:3000/_next/static/chunks/0nw1_next_dist_12hg0-_._.js:3272
[    8721ms] [ERROR] %c%s%c Only plain objects can be passed to Client Components from Server Components. Classes or other objects with methods are not supported.%s background: #e6e6e6;background: light-dark(rgba(0,0,0,0.1), rgba(255,255,255,0.25));color: #000000;color: light-dark(#000000, #ffffff);border-radius: 2px  Server   
  {href: ..., label: ..., icon: {$$typeof: ..., render: ...}}
                                ^^^^^^^^^^^^^^^^^^^^^^^^^^^^ @ http://localhost:3000/_next/static/chunks/0nw1_next_dist_12hg0-_._.js:3272
[    8721ms] [ERROR] %c%s%c Only plain objects can be passed to Client Components from Server Components. Classes or other objects with methods are not supported.%s background: #e6e6e6;background: light-dark(rgba(0,0,0,0.1), rgba(255,255,255,0.25));color: #000000;color: light-dark(#000000, #ffffff);border-radius: 2px  Server   
  {href: ..., label: ..., icon: {$$typeof: ..., render: ...}}
                                ^^^^^^^^^^^^^^^^^^^^^^^^^^^^ @ http://localhost:3000/_next/static/chunks/0nw1_next_dist_12hg0-_._.js:3272
[    8722ms] [ERROR] %c%s%c Only plain objects can be passed to Client Components from Server Components. Classes or other objects with methods are not supported.%s background: #e6e6e6;background: light-dark(rgba(0,0,0,0.1), rgba(255,255,255,0.25));color: #000000;color: light-dark(#000000, #ffffff);border-radius: 2px  Server   
  {href: ..., label: ..., icon: {$$typeof: ..., render: ...}}
                                ^^^^^^^^^^^^^^^^^^^^^^^^^^^^ @ http://localhost:3000/_next/static/chunks/0nw1_next_dist_12hg0-_._.js:3272
[    8722ms] [ERROR] %c%s%c Only plain objects can be passed to Client Components from Server Components. Classes or other objects with methods are not supported.%s background: #e6e6e6;background: light-dark(rgba(0,0,0,0.1), rgba(255,255,255,0.25));color: #000000;color: light-dark(#000000, #ffffff);border-radius: 2px  Server   
  {href: "/help", label: "Help", icon: {$$typeof: ..., render: ...}}
                                       ^^^^^^^^^^^^^^^^^^^^^^^^^^^^ @ http://localhost:3000/_next/static/chunks/0nw1_next_dist_12hg0-_._.js:3272
[    8745ms] Error: Functions cannot be passed directly to Client Components unless you explicitly expose it by marking it with "use server". Or maybe you meant to call this function rather than return it.
  {$$typeof: ..., render: function CircleQuestionMark}
                          ^^^^^^^^^^^^^^^^^^^^^^^^^^^
    at stringify (<anonymous>:1:18)
    at resolveErrorDev (http://localhost:3000/_next/static/chunks/0nw1_next_dist_compiled_react-server-dom-turbopack_03qj3yg._.js:1919:105)
    at processFullStringRow (http://localhost:3000/_next/static/chunks/0nw1_next_dist_compiled_react-server-dom-turbopack_03qj3yg._.js:2434:29)
    at processFullBinaryRow (http://localhost:3000/_next/static/chunks/0nw1_next_dist_compiled_react-server-dom-turbopack_03qj3yg._.js:2393:9)
    at processBinaryChunk (http://localhost:3000/_next/static/chunks/0nw1_next_dist_compiled_react-server-dom-turbopack_03qj3yg._.js:2502:221)
    at progress (http://localhost:3000/_next/static/chunks/0nw1_next_dist_compiled_react-server-dom-turbopack_03qj3yg._.js:2689:13)
[    8767ms] [ERROR] Manifest: Line: 1, column: 1, Syntax error. @ :0
[   47430ms] [LOG] [Fast Refresh] rebuilding @ http://localhost:3000/_next/static/chunks/0nw1_next_dist_12hg0-_._.js:2431
[   47441ms] [WARNING] [Fast Refresh] performing full reload because your application had an unrecoverable error @ http://localhost:3000/_next/static/chunks/0nw1_next_dist_12hg0-_._.js:2431
[   47520ms] [LOG] [Fast Refresh] done in 56ms @ http://localhost:3000/_next/static/chunks/0nw1_next_dist_12hg0-_._.js:2431
[   47631ms] [LOG] [Fast Refresh] rebuilding @ http://localhost:3000/_next/static/chunks/0nw1_next_dist_12hg0-_._.js:2431
[   47654ms] [LOG] [Fast Refresh] done in 123ms @ http://localhost:3000/_next/static/chunks/0nw1_next_dist_12hg0-_._.js:2431
[   48857ms] [ERROR] Failed to load resource: the server responded with a status of 500 (Internal Server Error) @ http://localhost:3000/dashboard:0
[   48878ms] [INFO] %cDownload the React DevTools for a better development experience: https://react.dev/link/react-devtools font-weight:bold @ http://localhost:3000/_next/static/chunks/0nw1_next_dist_12hg0-_._.js:2431
[   48885ms] [LOG] [HMR] connected @ http://localhost:3000/_next/static/chunks/0nw1_next_dist_12hg0-_._.js:2431
[   48886ms] [ERROR] %c%s%c Only plain objects can be passed to Client Components from Server Components. Classes or other objects with methods are not supported.%s background: #e6e6e6;background: light-dark(rgba(0,0,0,0.1), rgba(255,255,255,0.25));color: #000000;color: light-dark(#000000, #ffffff);border-radius: 2px  Server   
  {href: ..., label: ..., icon: {$$typeof: ..., render: ...}}
                                ^^^^^^^^^^^^^^^^^^^^^^^^^^^^ @ http://localhost:3000/_next/static/chunks/0nw1_next_dist_12hg0-_._.js:3272
[   48886ms] [ERROR] %c%s%c Only plain objects can be passed to Client Components from Server Components. Classes or other objects with methods are not supported.%s background: #e6e6e6;background: light-dark(rgba(0,0,0,0.1), rgba(255,255,255,0.25));color: #000000;color: light-dark(#000000, #ffffff);border-radius: 2px  Server   
  {href: ..., label: "Clients", icon: {$$typeof: ..., render: ...}}
                                      ^^^^^^^^^^^^^^^^^^^^^^^^^^^^ @ http://localhost:3000/_next/static/chunks/0nw1_next_dist_12hg0-_._.js:3272
[   48886ms] [ERROR] %c%s%c Only plain objects can be passed to Client Components from Server Components. Classes or other objects with methods are not supported.%s background: #e6e6e6;background: light-dark(rgba(0,0,0,0.1), rgba(255,255,255,0.25));color: #000000;color: light-dark(#000000, #ffffff);border-radius: 2px  Server   
  {href: "/diary", label: ..., icon: {$$typeof: ..., render: ...}}
                                     ^^^^^^^^^^^^^^^^^^^^^^^^^^^^ @ http://localhost:3000/_next/static/chunks/0nw1_next_dist_12hg0-_._.js:3272
[   48886ms] [ERROR] %c%s%c Only plain objects can be passed to Client Components from Server Components. Classes or other objects with methods are not supported.%s background: #e6e6e6;background: light-dark(rgba(0,0,0,0.1), rgba(255,255,255,0.25));color: #000000;color: light-dark(#000000, #ffffff);border-radius: 2px  Server   
  {href: ..., label: ..., icon: {$$typeof: ..., render: ...}}
                                ^^^^^^^^^^^^^^^^^^^^^^^^^^^^ @ http://localhost:3000/_next/static/chunks/0nw1_next_dist_12hg0-_._.js:3272
[   48886ms] [ERROR] %c%s%c Only plain objects can be passed to Client Components from Server Components. Classes or other objects with methods are not supported.%s background: #e6e6e6;background: light-dark(rgba(0,0,0,0.1), rgba(255,255,255,0.25));color: #000000;color: light-dark(#000000, #ffffff);border-radius: 2px  Server   
  {href: ..., label: ..., icon: {$$typeof: ..., render: ...}}
                                ^^^^^^^^^^^^^^^^^^^^^^^^^^^^ @ http://localhost:3000/_next/static/chunks/0nw1_next_dist_12hg0-_._.js:3272
[   48886ms] [ERROR] %c%s%c Only plain objects can be passed to Client Components from Server Components. Classes or other objects with methods are not supported.%s background: #e6e6e6;background: light-dark(rgba(0,0,0,0.1), rgba(255,255,255,0.25));color: #000000;color: light-dark(#000000, #ffffff);border-radius: 2px  Server   
  {href: ..., label: ..., icon: {$$typeof: ..., render: ...}}
                                ^^^^^^^^^^^^^^^^^^^^^^^^^^^^ @ http://localhost:3000/_next/static/chunks/0nw1_next_dist_12hg0-_._.js:3272
[   48887ms] [ERROR] %c%s%c Only plain objects can be passed to Client Components from Server Components. Classes or other objects with methods are not supported.%s background: #e6e6e6;background: light-dark(rgba(0,0,0,0.1), rgba(255,255,255,0.25));color: #000000;color: light-dark(#000000, #ffffff);border-radius: 2px  Server   
  {href: ..., label: ..., icon: {$$typeof: ..., render: ...}}
                                ^^^^^^^^^^^^^^^^^^^^^^^^^^^^ @ http://localhost:3000/_next/static/chunks/0nw1_next_dist_12hg0-_._.js:3272
[   48887ms] [ERROR] %c%s%c Only plain objects can be passed to Client Components from Server Components. Classes or other objects with methods are not supported.%s background: #e6e6e6;background: light-dark(rgba(0,0,0,0.1), rgba(255,255,255,0.25));color: #000000;color: light-dark(#000000, #ffffff);border-radius: 2px  Server   
  {href: ..., label: ..., icon: {$$typeof: ..., render: ...}}
                                ^^^^^^^^^^^^^^^^^^^^^^^^^^^^ @ http://localhost:3000/_next/static/chunks/0nw1_next_dist_12hg0-_._.js:3272
[   48887ms] [ERROR] %c%s%c Only plain objects can be passed to Client Components from Server Components. Classes or other objects with methods are not supported.%s background: #e6e6e6;background: light-dark(rgba(0,0,0,0.1), rgba(255,255,255,0.25));color: #000000;color: light-dark(#000000, #ffffff);border-radius: 2px  Server   
  {href: ..., label: ..., icon: {$$typeof: ..., render: ...}}
                                ^^^^^^^^^^^^^^^^^^^^^^^^^^^^ @ http://localhost:3000/_next/static/chunks/0nw1_next_dist_12hg0-_._.js:3272
[   48887ms] [ERROR] %c%s%c Only plain objects can be passed to Client Components from Server Components. Classes or other objects with methods are not supported.%s background: #e6e6e6;background: light-dark(rgba(0,0,0,0.1), rgba(255,255,255,0.25));color: #000000;color: light-dark(#000000, #ffffff);border-radius: 2px  Server   
  {href: "/help", label: "Help", icon: {$$typeof: ..., render: ...}}
                                       ^^^^^^^^^^^^^^^^^^^^^^^^^^^^ @ http://localhost:3000/_next/static/chunks/0nw1_next_dist_12hg0-_._.js:3272
[   48910ms] Error: Functions cannot be passed directly to Client Components unless you explicitly expose it by marking it with "use server". Or maybe you meant to call this function rather than return it.
  {$$typeof: ..., render: function CircleQuestionMark}
                          ^^^^^^^^^^^^^^^^^^^^^^^^^^^
    at stringify (<anonymous>:1:18)
    at resolveErrorDev (http://localhost:3000/_next/static/chunks/0nw1_next_dist_compiled_react-server-dom-turbopack_03qj3yg._.js:1919:105)
    at processFullStringRow (http://localhost:3000/_next/static/chunks/0nw1_next_dist_compiled_react-server-dom-turbopack_03qj3yg._.js:2434:29)
    at processFullBinaryRow (http://localhost:3000/_next/static/chunks/0nw1_next_dist_compiled_react-server-dom-turbopack_03qj3yg._.js:2393:9)
    at processBinaryChunk (http://localhost:3000/_next/static/chunks/0nw1_next_dist_compiled_react-server-dom-turbopack_03qj3yg._.js:2502:221)
    at progress (http://localhost:3000/_next/static/chunks/0nw1_next_dist_compiled_react-server-dom-turbopack_03qj3yg._.js:2689:13)
[   48977ms] [ERROR] Manifest: Line: 1, column: 1, Syntax error. @ :0
[   56724ms] [LOG] [Fast Refresh] rebuilding @ http://localhost:3000/_next/static/chunks/0nw1_next_dist_12hg0-_._.js:2431
[   56926ms] [LOG] [Fast Refresh] done in 106ms @ http://localhost:3000/_next/static/chunks/0nw1_next_dist_12hg0-_._.js:2431
[   57036ms] [LOG] [Fast Refresh] rebuilding @ http://localhost:3000/_next/static/chunks/0nw1_next_dist_12hg0-_._.js:2431
[   57066ms] [LOG] [Fast Refresh] done in 132ms @ http://localhost:3000/_next/static/chunks/0nw1_next_dist_12hg0-_._.js:2431
[   57308ms] [INFO] %cDownload the React DevTools for a better development experience: https://react.dev/link/react-devtools font-weight:bold @ http://localhost:3000/_next/static/chunks/0nw1_next_dist_12hg0-_._.js:2431
[   57318ms] [LOG] [HMR] connected @ http://localhost:3000/_next/static/chunks/0nw1_next_dist_12hg0-_._.js:2431
[   57540ms] [ERROR] Manifest: Line: 1, column: 1, Syntax error. @ http://localhost:3000/manifest.json:0
[   60541ms] [WARNING] The resource http://localhost:3000/_next/static/chunks/%5Broot-of-the-server%5D__0c49lz7._.css was preloaded using link preload but not used within a few seconds from the window's load event. Please make sure it has an appropriate `as` value and it is preloaded intentionally. @ http://localhost:3000/dashboard:0
