[     187ms] [INFO] %cDownload the React DevTools for a better development experience: https://react.dev/link/react-devtools font-weight:bold @ http://localhost:3000/_next/static/chunks/0nw1_next_dist_12hg0-_._.js:2431
[     197ms] [LOG] [HMR] connected @ http://localhost:3000/_next/static/chunks/0nw1_next_dist_12hg0-_._.js:2431
[     247ms] [ERROR] Manifest: Line: 1, column: 1, Syntax error. @ http://localhost:3000/manifest.json:0
[    3249ms] [WARNING] The resource http://localhost:3000/_next/static/chunks/%5Broot-of-the-server%5D__0c49lz7._.css was preloaded using link preload but not used within a few seconds from the window's load event. Please make sure it has an appropriate `as` value and it is preloaded intentionally. @ http://localhost:3000/clients/invite:0
[    9526ms] [LOG] [Fast Refresh] rebuilding @ http://localhost:3000/_next/static/chunks/0nw1_next_dist_12hg0-_._.js:2431
[   10268ms] [LOG] [Fast Refresh] done in 843ms @ http://localhost:3000/_next/static/chunks/0nw1_next_dist_12hg0-_._.js:2431
[   14042ms] [WARNING] %c%s%c background: #e6e6e6;background: light-dark(rgba(0,0,0,0.1), rgba(255,255,255,0.25));color: #000000;color: light-dark(#000000, #ffffff);border-radius: 2px  Server   Error: Route "/clients" used `searchParams.archived`. `searchParams` is a Promise and must be unwrapped with `await` or `React.use()` before accessing its properties. Learn more: https://nextjs.org/docs/messages/sync-dynamic-apis
    at ClientsPage (about://React/Server/file:///Users/karl/K9Tracker/.next/dev/server/chunks/ssr/%5Broot-of-the-server%5D__0i_b2nn._.js?16:195:39)
    at resolveErrorDev (http://localhost:3000/_next/static/chunks/0nw1_next_dist_compiled_react-server-dom-turbopack_03qj3yg._.js:1919:105)
    at getOutlinedModel (http://localhost:3000/_next/static/chunks/0nw1_next_dist_compiled_react-server-dom-turbopack_03qj3yg._.js:1469:28)
    at parseModelString (http://localhost:3000/_next/static/chunks/0nw1_next_dist_compiled_react-server-dom-turbopack_03qj3yg._.js:1584:50)
    at reviveModel (http://localhost:3000/_next/static/chunks/0nw1_next_dist_compiled_react-server-dom-turbopack_03qj3yg._.js:2522:66)
    at parseModel (http://localhost:3000/_next/static/chunks/0nw1_next_dist_compiled_react-server-dom-turbopack_03qj3yg._.js:2517:16)
    at initializeModelChunk (http://localhost:3000/_next/static/chunks/0nw1_next_dist_compiled_react-server-dom-turbopack_03qj3yg._.js:1084:25)
    at getOutlinedModel (http://localhost:3000/_next/static/chunks/0nw1_next_dist_compiled_react-server-dom-turbopack_03qj3yg._.js:1407:17)
    at parseModelString (http://localhost:3000/_next/static/chunks/0nw1_next_dist_compiled_react-server-dom-turbopack_03qj3yg._.js:1639:50)
    at reviveModel (http://localhost:3000/_next/static/chunks/0nw1_next_dist_compiled_react-server-dom-turbopack_03qj3yg._.js:2522:66)
    at reviveModel (http://localhost:3000/_next/static/chunks/0nw1_next_dist_compiled_react-server-dom-turbopack_03qj3yg._.js:2525:61)
    at parseModel (http://localhost:3000/_next/static/chunks/0nw1_next_dist_compiled_react-server-dom-turbopack_03qj3yg._.js:2517:16)
    at initializeModelChunk (http://localhost:3000/_next/static/chunks/0nw1_next_dist_compiled_react-server-dom-turbopack_03qj3yg._.js:1084:25)
    at resolveConsoleEntry (http://localhost:3000/_next/static/chunks/0nw1_next_dist_compiled_react-server-dom-turbopack_03qj3yg._.js:2047:96)
    at processFullStringRow (http://localhost:3000/_next/static/chunks/0nw1_next_dist_compiled_react-server-dom-turbopack_03qj3yg._.js:2453:17)
    at processFullBinaryRow (http://localhost:3000/_next/static/chunks/0nw1_next_dist_compiled_react-server-dom-turbopack_03qj3yg._.js:2393:9)
    at processBinaryChunk (http://localhost:3000/_next/static/chunks/0nw1_next_dist_compiled_react-server-dom-turbopack_03qj3yg._.js:2502:221)
    at progress (http://localhost:3000/_next/static/chunks/0nw1_next_dist_compiled_react-server-dom-turbopack_03qj3yg._.js:2676:20) @ http://localhost:3000/_next/static/chunks/0nw1_next_dist_12hg0-_._.js:2431
[   14073ms] [WARNING] Detected `scroll-behavior: smooth` on the `<html>` element. To disable smooth scrolling during route transitions, add `data-scroll-behavior="smooth"` to your <html> element. Learn more: https://nextjs.org/docs/messages/missing-data-scroll-behavior @ http://localhost:3000/_next/static/chunks/0nw1_next_dist_12hg0-_._.js:2431
[   14128ms] [ERROR] Manifest: Line: 1, column: 1, Syntax error. @ http://localhost:3000/manifest.json:0
[   17129ms] [WARNING] The resource http://localhost:3000/_next/static/chunks/%5Broot-of-the-server%5D__0c49lz7._.css was preloaded using link preload but not used within a few seconds from the window's load event. Please make sure it has an appropriate `as` value and it is preloaded intentionally. @ http://localhost:3000/clients:0
